16:24:09.718  INFO  manager.ApplicationManager - Chrome Driver was opened
16:24:10.955  INFO  manager.ApplicationManager - All tests start in  ChromeDriver
16:24:14.278  INFO  manager.ApplicationManager - The current url is --->https://ilcarro-1578153671498.web.app/search
16:24:14.430  INFO  TestBase - Start Method with name --->searchInPast
16:24:14.440  INFO  manager.ListenerWD - Before find element by ---> By.id: city
16:24:14.500  INFO  manager.ListenerWD - After find element by ---> By.id: city
16:24:14.820  INFO  manager.ListenerWD - Before find element by ---> By.cssSelector: div.pac-item
16:24:15.223  INFO  manager.ListenerWD - After find element by ---> By.cssSelector: div.pac-item
16:24:15.314  INFO  manager.ListenerWD - Before find element by ---> By.id: dates
16:24:15.365  INFO  manager.ListenerWD - After find element by ---> By.id: dates
16:24:17.940  INFO  manager.ListenerWD - Before find element by ---> By.xpath: //a[text()=' Search ']
16:24:18.001  INFO  manager.ListenerWD - After find element by ---> By.xpath: //a[text()=' Search ']
16:24:19.168  INFO  manager.ListenerWD - We have a 'problem'
16:24:19.170  INFO  manager.ListenerWD - The name of error method click
16:24:19.176  INFO  manager.ListenerWD - Describe of error org.openqa.selenium.ElementClickInterceptedException: element click intercepted: Element <a _ngcontent-exb-c25="" class="navigation-link" id="0" href="/search">...</a> is not clickable at point (729, 34). Other element would receive the click: <div class="cdk-overlay-backdrop mat-overlay-transparent-backdrop cdk-overlay-backdrop-showing"></div>
  (Session info: chrome=106.0.5249.119)
Build info: version: '4.4.0', revision: 'e5c75ed026a'
System info: host: 'DESKTOP-FMI0Q92', ip: '192.168.137.1', os.name: 'Windows 10', os.arch: 'amd64', os.version: '10.0', java.version: '11.0.16.1'
Driver info: org.openqa.selenium.chrome.ChromeDriver
Command: [d4ad76af62e6a04064dc5478263651aa, clickElement {id=313fe7f2-e2f6-4d6a-9a4e-7877666aea78}]
Capabilities {acceptInsecureCerts: false, browserName: chrome, browserVersion: 106.0.5249.119, chrome: {chromedriverVersion: 106.0.5249.61 (511755355844..., userDataDir: C:\Temp\scoped_dir23372_847...}, goog:chromeOptions: {debuggerAddress: localhost:53567}, networkConnectionEnabled: false, pageLoadStrategy: normal, platformName: WINDOWS, proxy: Proxy(), se:cdp: ws://localhost:53567/devtoo..., se:cdpVersion: 106.0.5249.119, setWindowRect: true, strictFileInteractability: false, timeouts: {implicit: 0, pageLoad: 300000, script: 30000}, unhandledPromptBehavior: dismiss and notify, webauthn:extension:credBlob: true, webauthn:extension:largeBlob: true, webauthn:virtualAuthenticators: true}
Element: [[ChromeDriver: chrome on WINDOWS (d4ad76af62e6a04064dc5478263651aa)] -> xpath: //a[text()=' Search ']]
Session ID: d4ad76af62e6a04064dc5478263651aa
16:24:19.184  INFO  manager.ListenerWD - Screen with error is 1147___src/test/screenshots/screen1147.png
16:24:19.201  INFO  manager.ListenerWD - Before find element by ---> By.xpath: //a[text()=' Search ']
16:24:19.279  INFO  manager.ListenerWD - After find element by ---> By.xpath: //a[text()=' Search ']
16:24:20.339  INFO  manager.ListenerWD - We have a 'problem'
16:24:20.339  INFO  manager.ListenerWD - The name of error method click
16:24:20.340  INFO  manager.ListenerWD - Describe of error org.openqa.selenium.ElementClickInterceptedException: element click intercepted: Element <a _ngcontent-exb-c25="" class="navigation-link" id="0" href="/search">...</a> is not clickable at point (729, 34). Other element would receive the click: <div class="cdk-overlay-backdrop mat-overlay-transparent-backdrop cdk-overlay-backdrop-showing"></div>
  (Session info: chrome=106.0.5249.119)
Build info: version: '4.4.0', revision: 'e5c75ed026a'
System info: host: 'DESKTOP-FMI0Q92', ip: '192.168.137.1', os.name: 'Windows 10', os.arch: 'amd64', os.version: '10.0', java.version: '11.0.16.1'
Driver info: org.openqa.selenium.chrome.ChromeDriver
Command: [d4ad76af62e6a04064dc5478263651aa, clickElement {id=313fe7f2-e2f6-4d6a-9a4e-7877666aea78}]
Capabilities {acceptInsecureCerts: false, browserName: chrome, browserVersion: 106.0.5249.119, chrome: {chromedriverVersion: 106.0.5249.61 (511755355844..., userDataDir: C:\Temp\scoped_dir23372_847...}, goog:chromeOptions: {debuggerAddress: localhost:53567}, networkConnectionEnabled: false, pageLoadStrategy: normal, platformName: WINDOWS, proxy: Proxy(), se:cdp: ws://localhost:53567/devtoo..., se:cdpVersion: 106.0.5249.119, setWindowRect: true, strictFileInteractability: false, timeouts: {implicit: 0, pageLoad: 300000, script: 30000}, unhandledPromptBehavior: dismiss and notify, webauthn:extension:credBlob: true, webauthn:extension:largeBlob: true, webauthn:virtualAuthenticators: true}
Element: [[ChromeDriver: chrome on WINDOWS (d4ad76af62e6a04064dc5478263651aa)] -> xpath: //a[text()=' Search ']]
Session ID: d4ad76af62e6a04064dc5478263651aa
16:24:20.341  INFO  manager.ListenerWD - Screen with error is 1996___src/test/screenshots/screen1996.png
