16:27:22.511  INFO  manager.ApplicationManager - Chrome Driver was opened
16:27:23.496  INFO  manager.ApplicationManager - All tests start in  ChromeDriver
16:27:26.034  INFO  manager.ApplicationManager - The current url is --->https://ilcarro-1578153671498.web.app/search
16:27:26.147  INFO  TestBase - Start Method with name --->searchInPast
16:27:26.153  INFO  manager.ListenerWD - Before find element by ---> By.id: city
16:27:26.210  INFO  manager.ListenerWD - After find element by ---> By.id: city
16:27:26.517  INFO  manager.ListenerWD - Before find element by ---> By.cssSelector: div.pac-item
16:27:26.921  INFO  manager.ListenerWD - After find element by ---> By.cssSelector: div.pac-item
16:27:27.044  INFO  manager.ListenerWD - Before find element by ---> By.id: dates
16:27:27.121  INFO  manager.ListenerWD - After find element by ---> By.id: dates
16:27:29.699  INFO  manager.ListenerWD - Before find element by ---> By.xpath: //a[text()=' Search ']
16:27:29.736  INFO  manager.ListenerWD - After find element by ---> By.xpath: //a[text()=' Search ']
16:27:30.843  INFO  manager.ListenerWD - We have a 'problem'
16:27:30.844  INFO  manager.ListenerWD - The name of error method click
16:27:30.850  INFO  manager.ListenerWD - Describe of error org.openqa.selenium.ElementClickInterceptedException: element click intercepted: Element <a _ngcontent-asv-c25="" class="navigation-link" id="0" href="/search">...</a> is not clickable at point (729, 34). Other element would receive the click: <div class="cdk-overlay-backdrop mat-overlay-transparent-backdrop cdk-overlay-backdrop-showing"></div>
  (Session info: chrome=106.0.5249.119)
Build info: version: '4.4.0', revision: 'e5c75ed026a'
System info: host: 'DESKTOP-FMI0Q92', ip: '192.168.1.209', os.name: 'Windows 10', os.arch: 'amd64', os.version: '10.0', java.version: '11.0.16.1'
Driver info: org.openqa.selenium.chrome.ChromeDriver
Command: [026398918a121b7f13ca551a7d707f60, clickElement {id=f30ed30a-8034-46a5-a884-b57278ee9dde}]
Capabilities {acceptInsecureCerts: false, browserName: chrome, browserVersion: 106.0.5249.119, chrome: {chromedriverVersion: 106.0.5249.61 (511755355844..., userDataDir: C:\Temp\scoped_dir7160_1678...}, goog:chromeOptions: {debuggerAddress: localhost:53897}, networkConnectionEnabled: false, pageLoadStrategy: normal, platformName: WINDOWS, proxy: Proxy(), se:cdp: ws://localhost:53897/devtoo..., se:cdpVersion: 106.0.5249.119, setWindowRect: true, strictFileInteractability: false, timeouts: {implicit: 0, pageLoad: 300000, script: 30000}, unhandledPromptBehavior: dismiss and notify, webauthn:extension:credBlob: true, webauthn:extension:largeBlob: true, webauthn:virtualAuthenticators: true}
Element: [[ChromeDriver: chrome on WINDOWS (026398918a121b7f13ca551a7d707f60)] -> xpath: //a[text()=' Search ']]
Session ID: 026398918a121b7f13ca551a7d707f60
16:27:30.856  INFO  manager.ListenerWD - Screen with error is 1615___src/test/screenshots/screen1615.png
16:27:30.881  INFO  manager.ListenerWD - Before find element by ---> By.xpath: //a[text()=' Search ']
16:27:30.959  INFO  manager.ListenerWD - After find element by ---> By.xpath: //a[text()=' Search ']
16:27:32.049  INFO  manager.ListenerWD - We have a 'problem'
16:27:32.049  INFO  manager.ListenerWD - The name of error method click
16:27:32.050  INFO  manager.ListenerWD - Describe of error org.openqa.selenium.ElementClickInterceptedException: element click intercepted: Element <a _ngcontent-asv-c25="" class="navigation-link" id="0" href="/search">...</a> is not clickable at point (729, 34). Other element would receive the click: <div class="cdk-overlay-backdrop mat-overlay-transparent-backdrop cdk-overlay-backdrop-showing"></div>
  (Session info: chrome=106.0.5249.119)
Build info: version: '4.4.0', revision: 'e5c75ed026a'
System info: host: 'DESKTOP-FMI0Q92', ip: '192.168.1.209', os.name: 'Windows 10', os.arch: 'amd64', os.version: '10.0', java.version: '11.0.16.1'
Driver info: org.openqa.selenium.chrome.ChromeDriver
Command: [026398918a121b7f13ca551a7d707f60, clickElement {id=f30ed30a-8034-46a5-a884-b57278ee9dde}]
Capabilities {acceptInsecureCerts: false, browserName: chrome, browserVersion: 106.0.5249.119, chrome: {chromedriverVersion: 106.0.5249.61 (511755355844..., userDataDir: C:\Temp\scoped_dir7160_1678...}, goog:chromeOptions: {debuggerAddress: localhost:53897}, networkConnectionEnabled: false, pageLoadStrategy: normal, platformName: WINDOWS, proxy: Proxy(), se:cdp: ws://localhost:53897/devtoo..., se:cdpVersion: 106.0.5249.119, setWindowRect: true, strictFileInteractability: false, timeouts: {implicit: 0, pageLoad: 300000, script: 30000}, unhandledPromptBehavior: dismiss and notify, webauthn:extension:credBlob: true, webauthn:extension:largeBlob: true, webauthn:virtualAuthenticators: true}
Element: [[ChromeDriver: chrome on WINDOWS (026398918a121b7f13ca551a7d707f60)] -> xpath: //a[text()=' Search ']]
Session ID: 026398918a121b7f13ca551a7d707f60
16:27:32.051  INFO  manager.ListenerWD - Screen with error is 1453___src/test/screenshots/screen1453.png
